<?xml version="1.0" encoding="UTF-8"?>
<testng-results skipped="0" failed="0" ignored="0" total="2" passed="2">
  <reporter-output>
  </reporter-output>
  <suite name="Default suite" duration-ms="67858" started-at="2018-08-05T11:52:48Z" finished-at="2018-08-05T11:53:56Z">
    <groups>
    </groups>
    <test name="Default test" duration-ms="67858" started-at="2018-08-05T11:52:48Z" finished-at="2018-08-05T11:53:56Z">
      <class name="mainPackage.TestExecute">
        <test-method status="PASS" signature="newTest()[pri:0, instance:mainPackage.TestExecute@a38d7a3]" name="newTest" is-config="true" duration-ms="4269" started-at="2018-08-05T11:52:44Z" finished-at="2018-08-05T11:52:48Z">
          <reporter-output>
          </reporter-output>
        </test-method> <!-- newTest -->
        <test-method status="PASS" signature="TestExecution()[pri:0, instance:mainPackage.TestExecute@a38d7a3]" name="TestExecution" duration-ms="26522" started-at="2018-08-05T11:52:48Z" finished-at="2018-08-05T11:53:15Z">
          <reporter-output>
          </reporter-output>
        </test-method> <!-- TestExecution -->
        <test-method status="PASS" signature="TestExecution1()[pri:0, instance:mainPackage.TestExecute@a38d7a3]" name="TestExecution1" duration-ms="40953" started-at="2018-08-05T11:53:15Z" finished-at="2018-08-05T11:53:56Z">
          <reporter-output>
          </reporter-output>
        </test-method> <!-- TestExecution1 -->
        <test-method status="PASS" signature="ReportGeneration()[pri:0, instance:mainPackage.TestExecute@a38d7a3]" name="ReportGeneration" is-config="true" duration-ms="383" started-at="2018-08-05T11:53:56Z" finished-at="2018-08-05T11:53:56Z">
          <reporter-output>
          </reporter-output>
        </test-method> <!-- ReportGeneration -->
        <test-method status="PASS" signature="closemethod()[pri:0, instance:mainPackage.TestExecute@a38d7a3]" name="closemethod" is-config="true" duration-ms="1142" started-at="2018-08-05T11:53:56Z" finished-at="2018-08-05T11:53:57Z">
          <reporter-output>
          </reporter-output>
        </test-method> <!-- closemethod -->
      </class> <!-- mainPackage.TestExecute -->
    </test> <!-- Default test -->
  </suite> <!-- Default suite -->
</testng-results>
